Analysis & Synthesis report for microprocessor
Wed Oct 26 23:09:23 2016
Quartus Prime Version 15.1.0 Build 185 10/21/2015 SJ Lite Edition


---------------------
; Table of Contents ;
---------------------
  1. Legal Notice
  2. Analysis & Synthesis Summary
  3. Analysis & Synthesis Settings
  4. Parallel Compilation
  5. Analysis & Synthesis Source Files Read
  6. Analysis & Synthesis Resource Usage Summary
  7. Analysis & Synthesis Resource Utilization by Entity
  8. State Machine - |microprocessor|current_fase
  9. Registers Removed During Synthesis
 10. Removed Registers Triggering Further Register Optimizations
 11. General Register Statistics
 12. Post-Synthesis Netlist Statistics for Top Partition
 13. Elapsed Time Per Partition
 14. Analysis & Synthesis Messages



----------------
; Legal Notice ;
----------------
Copyright (C) 1991-2015 Altera Corporation. All rights reserved.
Your use of Altera Corporation's design tools, logic functions 
and other software and tools, and its AMPP partner logic 
functions, and any output files from any of the foregoing 
(including device programming or simulation files), and any 
associated documentation or information are expressly subject 
to the terms and conditions of the Altera Program License 
Subscription Agreement, the Altera Quartus Prime License Agreement,
the Altera MegaCore Function License Agreement, or other 
applicable license agreement, including, without limitation, 
that your use is for the sole purpose of programming logic 
devices manufactured by Altera and sold by Altera or its 
authorized distributors.  Please refer to the applicable 
agreement for further details.



+----------------------------------------------------------------------------------+
; Analysis & Synthesis Summary                                                     ;
+------------------------------------+---------------------------------------------+
; Analysis & Synthesis Status        ; Successful - Wed Oct 26 23:09:23 2016       ;
; Quartus Prime Version              ; 15.1.0 Build 185 10/21/2015 SJ Lite Edition ;
; Revision Name                      ; microprocessor                              ;
; Top-level Entity Name              ; microprocessor                              ;
; Family                             ; Cyclone IV E                                ;
; Total logic elements               ; 56                                          ;
;     Total combinational functions  ; 56                                          ;
;     Dedicated logic registers      ; 28                                          ;
; Total registers                    ; 28                                          ;
; Total pins                         ; 3                                           ;
; Total virtual pins                 ; 0                                           ;
; Total memory bits                  ; 0                                           ;
; Embedded Multiplier 9-bit elements ; 0                                           ;
; Total PLLs                         ; 0                                           ;
+------------------------------------+---------------------------------------------+


+----------------------------------------------------------------------------------------------------------------------+
; Analysis & Synthesis Settings                                                                                        ;
+----------------------------------------------------------------------------+--------------------+--------------------+
; Option                                                                     ; Setting            ; Default Value      ;
+----------------------------------------------------------------------------+--------------------+--------------------+
; Device                                                                     ; EP4CE115F29C7      ;                    ;
; Top-level entity name                                                      ; microprocessor     ; microprocessor     ;
; Family name                                                                ; Cyclone IV E       ; Cyclone V          ;
; Use smart compilation                                                      ; Off                ; Off                ;
; Enable parallel Assembler and TimeQuest Timing Analyzer during compilation ; On                 ; On                 ;
; Enable compact report table                                                ; Off                ; Off                ;
; Restructure Multiplexers                                                   ; Auto               ; Auto               ;
; Create Debugging Nodes for IP Cores                                        ; Off                ; Off                ;
; Preserve fewer node names                                                  ; On                 ; On                 ;
; Disable OpenCore Plus hardware evaluation                                  ; Off                ; Off                ;
; Verilog Version                                                            ; Verilog_2001       ; Verilog_2001       ;
; VHDL Version                                                               ; VHDL_1993          ; VHDL_1993          ;
; State Machine Processing                                                   ; Auto               ; Auto               ;
; Safe State Machine                                                         ; Off                ; Off                ;
; Extract Verilog State Machines                                             ; On                 ; On                 ;
; Extract VHDL State Machines                                                ; On                 ; On                 ;
; Ignore Verilog initial constructs                                          ; Off                ; Off                ;
; Iteration limit for constant Verilog loops                                 ; 5000               ; 5000               ;
; Iteration limit for non-constant Verilog loops                             ; 250                ; 250                ;
; Add Pass-Through Logic to Inferred RAMs                                    ; On                 ; On                 ;
; Infer RAMs from Raw Logic                                                  ; On                 ; On                 ;
; Parallel Synthesis                                                         ; On                 ; On                 ;
; DSP Block Balancing                                                        ; Auto               ; Auto               ;
; NOT Gate Push-Back                                                         ; On                 ; On                 ;
; Power-Up Don't Care                                                        ; On                 ; On                 ;
; Remove Redundant Logic Cells                                               ; Off                ; Off                ;
; Remove Duplicate Registers                                                 ; On                 ; On                 ;
; Ignore CARRY Buffers                                                       ; Off                ; Off                ;
; Ignore CASCADE Buffers                                                     ; Off                ; Off                ;
; Ignore GLOBAL Buffers                                                      ; Off                ; Off                ;
; Ignore ROW GLOBAL Buffers                                                  ; Off                ; Off                ;
; Ignore LCELL Buffers                                                       ; Off                ; Off                ;
; Ignore SOFT Buffers                                                        ; On                 ; On                 ;
; Limit AHDL Integers to 32 Bits                                             ; Off                ; Off                ;
; Optimization Technique                                                     ; Balanced           ; Balanced           ;
; Carry Chain Length                                                         ; 70                 ; 70                 ;
; Auto Carry Chains                                                          ; On                 ; On                 ;
; Auto Open-Drain Pins                                                       ; On                 ; On                 ;
; Perform WYSIWYG Primitive Resynthesis                                      ; Off                ; Off                ;
; Auto ROM Replacement                                                       ; On                 ; On                 ;
; Auto RAM Replacement                                                       ; On                 ; On                 ;
; Auto DSP Block Replacement                                                 ; On                 ; On                 ;
; Auto Shift Register Replacement                                            ; Auto               ; Auto               ;
; Allow Shift Register Merging across Hierarchies                            ; Auto               ; Auto               ;
; Auto Clock Enable Replacement                                              ; On                 ; On                 ;
; Strict RAM Replacement                                                     ; Off                ; Off                ;
; Allow Synchronous Control Signals                                          ; On                 ; On                 ;
; Force Use of Synchronous Clear Signals                                     ; Off                ; Off                ;
; Auto RAM Block Balancing                                                   ; On                 ; On                 ;
; Auto RAM to Logic Cell Conversion                                          ; Off                ; Off                ;
; Auto Resource Sharing                                                      ; Off                ; Off                ;
; Allow Any RAM Size For Recognition                                         ; Off                ; Off                ;
; Allow Any ROM Size For Recognition                                         ; Off                ; Off                ;
; Allow Any Shift Register Size For Recognition                              ; Off                ; Off                ;
; Use LogicLock Constraints during Resource Balancing                        ; On                 ; On                 ;
; Ignore translate_off and synthesis_off directives                          ; Off                ; Off                ;
; Timing-Driven Synthesis                                                    ; On                 ; On                 ;
; Report Parameter Settings                                                  ; On                 ; On                 ;
; Report Source Assignments                                                  ; On                 ; On                 ;
; Report Connectivity Checks                                                 ; On                 ; On                 ;
; Ignore Maximum Fan-Out Assignments                                         ; Off                ; Off                ;
; Synchronization Register Chain Length                                      ; 2                  ; 2                  ;
; PowerPlay Power Optimization During Synthesis                              ; Normal compilation ; Normal compilation ;
; HDL message level                                                          ; Level2             ; Level2             ;
; Suppress Register Optimization Related Messages                            ; Off                ; Off                ;
; Number of Removed Registers Reported in Synthesis Report                   ; 5000               ; 5000               ;
; Number of Swept Nodes Reported in Synthesis Report                         ; 5000               ; 5000               ;
; Number of Inverted Registers Reported in Synthesis Report                  ; 100                ; 100                ;
; Clock MUX Protection                                                       ; On                 ; On                 ;
; Auto Gated Clock Conversion                                                ; Off                ; Off                ;
; Block Design Naming                                                        ; Auto               ; Auto               ;
; SDC constraint protection                                                  ; Off                ; Off                ;
; Synthesis Effort                                                           ; Auto               ; Auto               ;
; Shift Register Replacement - Allow Asynchronous Clear Signal               ; On                 ; On                 ;
; Pre-Mapping Resynthesis Optimization                                       ; Off                ; Off                ;
; Analysis & Synthesis Message Level                                         ; Medium             ; Medium             ;
; Disable Register Merging Across Hierarchies                                ; Auto               ; Auto               ;
; Resource Aware Inference For Block RAM                                     ; On                 ; On                 ;
; Synthesis Seed                                                             ; 1                  ; 1                  ;
+----------------------------------------------------------------------------+--------------------+--------------------+


+------------------------------------------+
; Parallel Compilation                     ;
+----------------------------+-------------+
; Processors                 ; Number      ;
+----------------------------+-------------+
; Number detected on machine ; 4           ;
; Maximum allowed            ; 2           ;
;                            ;             ;
; Average used               ; 1.00        ;
; Maximum used               ; 2           ;
;                            ;             ;
; Usage by Processor         ; % Time Used ;
;     Processor 1            ; 100.0%      ;
;     Processor 2            ; < 0.1%      ;
+----------------------------+-------------+


+--------------------------------------------------------------------------------------------------------------------------------------------+
; Analysis & Synthesis Source Files Read                                                                                                     ;
+----------------------------------+-----------------+-----------------+-----------------------------------------------------------+---------+
; File Name with User-Entered Path ; Used in Netlist ; File Type       ; File Name with Absolute Path                              ; Library ;
+----------------------------------+-----------------+-----------------+-----------------------------------------------------------+---------+
; microprocessor.vhd               ; yes             ; User VHDL File  ; C:/altera_lite/15.1/Microprocessor/git/microprocessor.vhd ;         ;
+----------------------------------+-----------------+-----------------+-----------------------------------------------------------+---------+


+---------------------------------------------------------+
; Analysis & Synthesis Resource Usage Summary             ;
+---------------------------------------------+-----------+
; Resource                                    ; Usage     ;
+---------------------------------------------+-----------+
; Estimated Total logic elements              ; 56        ;
;                                             ;           ;
; Total combinational functions               ; 56        ;
; Logic element usage by number of LUT inputs ;           ;
;     -- 4 input functions                    ; 13        ;
;     -- 3 input functions                    ; 1         ;
;     -- <=2 input functions                  ; 42        ;
;                                             ;           ;
; Logic elements by mode                      ;           ;
;     -- normal mode                          ; 30        ;
;     -- arithmetic mode                      ; 26        ;
;                                             ;           ;
; Total registers                             ; 28        ;
;     -- Dedicated logic registers            ; 28        ;
;     -- I/O registers                        ; 0         ;
;                                             ;           ;
; I/O pins                                    ; 3         ;
;                                             ;           ;
; Embedded Multiplier 9-bit elements          ; 0         ;
;                                             ;           ;
; Maximum fan-out node                        ; clk~input ;
; Maximum fan-out                             ; 28        ;
; Total fan-out                               ; 198       ;
; Average fan-out                             ; 2.20      ;
+---------------------------------------------+-----------+


+-----------------------------------------------------------------------------------------------------------------------------------------------------------------------------+
; Analysis & Synthesis Resource Utilization by Entity                                                                                                                         ;
+----------------------------+-------------------+--------------+-------------+--------------+---------+-----------+------+--------------+---------------------+--------------+
; Compilation Hierarchy Node ; LC Combinationals ; LC Registers ; Memory Bits ; DSP Elements ; DSP 9x9 ; DSP 18x18 ; Pins ; Virtual Pins ; Full Hierarchy Name ; Library Name ;
+----------------------------+-------------------+--------------+-------------+--------------+---------+-----------+------+--------------+---------------------+--------------+
; |microprocessor            ; 56 (56)           ; 28 (28)      ; 0           ; 0            ; 0       ; 0         ; 3    ; 0            ; |microprocessor     ; work         ;
+----------------------------+-------------------+--------------+-------------+--------------+---------+-----------+------+--------------+---------------------+--------------+
Note: For table entries with two numbers listed, the numbers in parentheses indicate the number of resources of the given type used by the specific entity alone. The numbers listed outside of parentheses indicate the total resources of the given type used by the specific entity and all of its sub-entities in the hierarchy.


Encoding Type:  One-Hot
+-----------------------------------------------------------------------------------------------------------------+
; State Machine - |microprocessor|current_fase                                                                    ;
+------------------+------------------+------------------+------------------+------------------+------------------+
; Name             ; current_fase.f_5 ; current_fase.f_4 ; current_fase.f_3 ; current_fase.f_2 ; current_fase.f_1 ;
+------------------+------------------+------------------+------------------+------------------+------------------+
; current_fase.f_1 ; 0                ; 0                ; 0                ; 0                ; 0                ;
; current_fase.f_2 ; 0                ; 0                ; 0                ; 1                ; 1                ;
; current_fase.f_3 ; 0                ; 0                ; 1                ; 0                ; 1                ;
; current_fase.f_4 ; 0                ; 1                ; 0                ; 0                ; 1                ;
; current_fase.f_5 ; 1                ; 0                ; 0                ; 0                ; 1                ;
+------------------+------------------+------------------+------------------+------------------+------------------+


+------------------------------------------------------------+
; Registers Removed During Synthesis                         ;
+---------------------------------------+--------------------+
; Register name                         ; Reason for Removal ;
+---------------------------------------+--------------------+
; current_fase.f_1                      ; Lost fanout        ;
; current_fase.f_2                      ; Lost fanout        ;
; current_fase.f_3                      ; Lost fanout        ;
; current_fase.f_4                      ; Lost fanout        ;
; current_fase.f_5                      ; Lost fanout        ;
; Total Number of Removed Registers = 5 ;                    ;
+---------------------------------------+--------------------+


+--------------------------------------------------------------------------------+
; Removed Registers Triggering Further Register Optimizations                    ;
+------------------+--------------------+----------------------------------------+
; Register name    ; Reason for Removal ; Registers Removed due to This Register ;
+------------------+--------------------+----------------------------------------+
; current_fase.f_1 ; Lost Fanouts       ; current_fase.f_5                       ;
+------------------+--------------------+----------------------------------------+


+------------------------------------------------------+
; General Register Statistics                          ;
+----------------------------------------------+-------+
; Statistic                                    ; Value ;
+----------------------------------------------+-------+
; Total registers                              ; 28    ;
; Number of registers using Synchronous Clear  ; 0     ;
; Number of registers using Synchronous Load   ; 0     ;
; Number of registers using Asynchronous Clear ; 0     ;
; Number of registers using Asynchronous Load  ; 0     ;
; Number of registers using Clock Enable       ; 0     ;
; Number of registers using Preset             ; 0     ;
+----------------------------------------------+-------+


+-----------------------------------------------------+
; Post-Synthesis Netlist Statistics for Top Partition ;
+-----------------------+-----------------------------+
; Type                  ; Count                       ;
+-----------------------+-----------------------------+
; boundary_port         ; 3                           ;
; cycloneiii_ff         ; 28                          ;
;     plain             ; 28                          ;
; cycloneiii_lcell_comb ; 56                          ;
;     arith             ; 26                          ;
;         2 data inputs ; 26                          ;
;     normal            ; 30                          ;
;         1 data inputs ; 1                           ;
;         2 data inputs ; 15                          ;
;         3 data inputs ; 1                           ;
;         4 data inputs ; 13                          ;
;                       ;                             ;
; Max LUT depth         ; 4.60                        ;
; Average LUT depth     ; 3.71                        ;
+-----------------------+-----------------------------+


+-------------------------------+
; Elapsed Time Per Partition    ;
+----------------+--------------+
; Partition Name ; Elapsed Time ;
+----------------+--------------+
; Top            ; 00:00:01     ;
+----------------+--------------+


+-------------------------------+
; Analysis & Synthesis Messages ;
+-------------------------------+
Info: *******************************************************************
Info: Running Quartus Prime Analysis & Synthesis
    Info: Version 15.1.0 Build 185 10/21/2015 SJ Lite Edition
    Info: Processing started: Wed Oct 26 23:09:02 2016
Info: Command: quartus_map --read_settings_files=on --write_settings_files=off microprocessor -c microprocessor
Info (20030): Parallel compilation is enabled and will use 2 of the 2 processors detected
Info (12021): Found 2 design units, including 1 entities, in source file microprocessor.vhd
    Info (12022): Found design unit 1: microprocessor-behavior File: C:/altera_lite/15.1/Microprocessor/git/microprocessor.vhd Line: 15
    Info (12023): Found entity 1: microprocessor File: C:/altera_lite/15.1/Microprocessor/git/microprocessor.vhd Line: 7
Info (12127): Elaborating entity "microprocessor" for the top level hierarchy
Warning (10036): Verilog HDL or VHDL warning at microprocessor.vhd(71): object "reset_all" assigned a value but never read File: C:/altera_lite/15.1/Microprocessor/git/microprocessor.vhd Line: 71
Warning (10541): VHDL Signal Declaration warning at microprocessor.vhd(74): used implicit default value for signal "SC" because signal was never assigned a value or an explicit default value. Use of implicit default value may introduce unintended design optimizations. File: C:/altera_lite/15.1/Microprocessor/git/microprocessor.vhd Line: 74
Warning (10492): VHDL Process Statement warning at microprocessor.vhd(106): signal "slow_clock" is read inside the Process Statement but isn't in the Process Statement's sensitivity list File: C:/altera_lite/15.1/Microprocessor/git/microprocessor.vhd Line: 106
Warning (10492): VHDL Process Statement warning at microprocessor.vhd(133): signal "SC" is read inside the Process Statement but isn't in the Process Statement's sensitivity list File: C:/altera_lite/15.1/Microprocessor/git/microprocessor.vhd Line: 133
Warning (10492): VHDL Process Statement warning at microprocessor.vhd(209): signal "SC" is read inside the Process Statement but isn't in the Process Statement's sensitivity list File: C:/altera_lite/15.1/Microprocessor/git/microprocessor.vhd Line: 209
Warning (10492): VHDL Process Statement warning at microprocessor.vhd(213): signal "SC" is read inside the Process Statement but isn't in the Process Statement's sensitivity list File: C:/altera_lite/15.1/Microprocessor/git/microprocessor.vhd Line: 213
Warning (10492): VHDL Process Statement warning at microprocessor.vhd(217): signal "SC" is read inside the Process Statement but isn't in the Process Statement's sensitivity list File: C:/altera_lite/15.1/Microprocessor/git/microprocessor.vhd Line: 217
Warning (10492): VHDL Process Statement warning at microprocessor.vhd(224): signal "SC" is read inside the Process Statement but isn't in the Process Statement's sensitivity list File: C:/altera_lite/15.1/Microprocessor/git/microprocessor.vhd Line: 224
Warning (10492): VHDL Process Statement warning at microprocessor.vhd(228): signal "SC" is read inside the Process Statement but isn't in the Process Statement's sensitivity list File: C:/altera_lite/15.1/Microprocessor/git/microprocessor.vhd Line: 228
Warning (10492): VHDL Process Statement warning at microprocessor.vhd(232): signal "SC" is read inside the Process Statement but isn't in the Process Statement's sensitivity list File: C:/altera_lite/15.1/Microprocessor/git/microprocessor.vhd Line: 232
Warning (10492): VHDL Process Statement warning at microprocessor.vhd(237): signal "SC" is read inside the Process Statement but isn't in the Process Statement's sensitivity list File: C:/altera_lite/15.1/Microprocessor/git/microprocessor.vhd Line: 237
Warning (10492): VHDL Process Statement warning at microprocessor.vhd(250): signal "SC" is read inside the Process Statement but isn't in the Process Statement's sensitivity list File: C:/altera_lite/15.1/Microprocessor/git/microprocessor.vhd Line: 250
Warning (10492): VHDL Process Statement warning at microprocessor.vhd(254): signal "SC" is read inside the Process Statement but isn't in the Process Statement's sensitivity list File: C:/altera_lite/15.1/Microprocessor/git/microprocessor.vhd Line: 254
Warning (10492): VHDL Process Statement warning at microprocessor.vhd(260): signal "BUS_ULA1" is read inside the Process Statement but isn't in the Process Statement's sensitivity list File: C:/altera_lite/15.1/Microprocessor/git/microprocessor.vhd Line: 260
Warning (10492): VHDL Process Statement warning at microprocessor.vhd(260): signal "BUS_ULA2" is read inside the Process Statement but isn't in the Process Statement's sensitivity list File: C:/altera_lite/15.1/Microprocessor/git/microprocessor.vhd Line: 260
Warning (10492): VHDL Process Statement warning at microprocessor.vhd(267): signal "SC" is read inside the Process Statement but isn't in the Process Statement's sensitivity list File: C:/altera_lite/15.1/Microprocessor/git/microprocessor.vhd Line: 267
Warning (10492): VHDL Process Statement warning at microprocessor.vhd(273): signal "SC" is read inside the Process Statement but isn't in the Process Statement's sensitivity list File: C:/altera_lite/15.1/Microprocessor/git/microprocessor.vhd Line: 273
Warning (10492): VHDL Process Statement warning at microprocessor.vhd(279): signal "SC" is read inside the Process Statement but isn't in the Process Statement's sensitivity list File: C:/altera_lite/15.1/Microprocessor/git/microprocessor.vhd Line: 279
Warning (10492): VHDL Process Statement warning at microprocessor.vhd(285): signal "SC" is read inside the Process Statement but isn't in the Process Statement's sensitivity list File: C:/altera_lite/15.1/Microprocessor/git/microprocessor.vhd Line: 285
Warning (10492): VHDL Process Statement warning at microprocessor.vhd(291): signal "SC" is read inside the Process Statement but isn't in the Process Statement's sensitivity list File: C:/altera_lite/15.1/Microprocessor/git/microprocessor.vhd Line: 291
Warning (10492): VHDL Process Statement warning at microprocessor.vhd(297): signal "SC" is read inside the Process Statement but isn't in the Process Statement's sensitivity list File: C:/altera_lite/15.1/Microprocessor/git/microprocessor.vhd Line: 297
Warning (10492): VHDL Process Statement warning at microprocessor.vhd(307): signal "SC" is read inside the Process Statement but isn't in the Process Statement's sensitivity list File: C:/altera_lite/15.1/Microprocessor/git/microprocessor.vhd Line: 307
Warning (10492): VHDL Process Statement warning at microprocessor.vhd(311): signal "SC" is read inside the Process Statement but isn't in the Process Statement's sensitivity list File: C:/altera_lite/15.1/Microprocessor/git/microprocessor.vhd Line: 311
Warning (10492): VHDL Process Statement warning at microprocessor.vhd(317): signal "SC" is read inside the Process Statement but isn't in the Process Statement's sensitivity list File: C:/altera_lite/15.1/Microprocessor/git/microprocessor.vhd Line: 317
Warning (10492): VHDL Process Statement warning at microprocessor.vhd(328): signal "SC" is read inside the Process Statement but isn't in the Process Statement's sensitivity list File: C:/altera_lite/15.1/Microprocessor/git/microprocessor.vhd Line: 328
Warning (10492): VHDL Process Statement warning at microprocessor.vhd(333): signal "SC" is read inside the Process Statement but isn't in the Process Statement's sensitivity list File: C:/altera_lite/15.1/Microprocessor/git/microprocessor.vhd Line: 333
Warning (10492): VHDL Process Statement warning at microprocessor.vhd(347): signal "SC" is read inside the Process Statement but isn't in the Process Statement's sensitivity list File: C:/altera_lite/15.1/Microprocessor/git/microprocessor.vhd Line: 347
Warning (10492): VHDL Process Statement warning at microprocessor.vhd(360): signal "SC" is read inside the Process Statement but isn't in the Process Statement's sensitivity list File: C:/altera_lite/15.1/Microprocessor/git/microprocessor.vhd Line: 360
Warning (10492): VHDL Process Statement warning at microprocessor.vhd(366): signal "SC" is read inside the Process Statement but isn't in the Process Statement's sensitivity list File: C:/altera_lite/15.1/Microprocessor/git/microprocessor.vhd Line: 366
Warning (10492): VHDL Process Statement warning at microprocessor.vhd(370): signal "SC" is read inside the Process Statement but isn't in the Process Statement's sensitivity list File: C:/altera_lite/15.1/Microprocessor/git/microprocessor.vhd Line: 370
Warning (10492): VHDL Process Statement warning at microprocessor.vhd(377): signal "BUS_INT1" is read inside the Process Statement but isn't in the Process Statement's sensitivity list File: C:/altera_lite/15.1/Microprocessor/git/microprocessor.vhd Line: 377
Warning (10492): VHDL Process Statement warning at microprocessor.vhd(377): signal "BUS_INT2" is read inside the Process Statement but isn't in the Process Statement's sensitivity list File: C:/altera_lite/15.1/Microprocessor/git/microprocessor.vhd Line: 377
Warning (10492): VHDL Process Statement warning at microprocessor.vhd(384): signal "BUS_INT3" is read inside the Process Statement but isn't in the Process Statement's sensitivity list File: C:/altera_lite/15.1/Microprocessor/git/microprocessor.vhd Line: 384
Warning (10492): VHDL Process Statement warning at microprocessor.vhd(386): signal "SC" is read inside the Process Statement but isn't in the Process Statement's sensitivity list File: C:/altera_lite/15.1/Microprocessor/git/microprocessor.vhd Line: 386
Warning (10631): VHDL Process Statement warning at microprocessor.vhd(166): inferring latch(es) for signal or variable "MIC_MEM", which holds its previous value in one or more paths through the process File: C:/altera_lite/15.1/Microprocessor/git/microprocessor.vhd Line: 166
Warning (10631): VHDL Process Statement warning at microprocessor.vhd(166): inferring latch(es) for signal or variable "BUS_EXT3", which holds its previous value in one or more paths through the process File: C:/altera_lite/15.1/Microprocessor/git/microprocessor.vhd Line: 166
Warning (10631): VHDL Process Statement warning at microprocessor.vhd(166): inferring latch(es) for signal or variable "BUS_INT3", which holds its previous value in one or more paths through the process File: C:/altera_lite/15.1/Microprocessor/git/microprocessor.vhd Line: 166
Warning (10631): VHDL Process Statement warning at microprocessor.vhd(166): inferring latch(es) for signal or variable "MPC", which holds its previous value in one or more paths through the process File: C:/altera_lite/15.1/Microprocessor/git/microprocessor.vhd Line: 166
Info (286030): Timing-Driven Synthesis is running
Info (17049): 5 registers lost all their fanouts during netlist optimizations.
Info (16010): Generating hard_block partition "hard_block:auto_generated_inst"
    Info (16011): Adding 0 node(s), including 0 DDIO, 0 PLL, 0 transceiver and 0 LCELL
Warning (21074): Design contains 1 input pin(s) that do not drive logic
    Warning (15610): No output dependent on input pin "rst" File: C:/altera_lite/15.1/Microprocessor/git/microprocessor.vhd Line: 9
Info (21057): Implemented 59 device resources after synthesis - the final resource count might be different
    Info (21058): Implemented 2 input pins
    Info (21059): Implemented 1 output pins
    Info (21061): Implemented 56 logic cells
Info: Quartus Prime Analysis & Synthesis was successful. 0 errors, 40 warnings
    Info: Peak virtual memory: 812 megabytes
    Info: Processing ended: Wed Oct 26 23:09:23 2016
    Info: Elapsed time: 00:00:21
    Info: Total CPU time (on all processors): 00:00:49


